[debug] [2024-03-20T09:10:28.347Z] ----------------------------------------------------------------------
[debug] [2024-03-20T09:10:28.349Z] Command:       C:\Program Files\nodejs\node.exe C:\Users\anshk\AppData\Roaming\npm\node_modules\firebase-tools\lib\bin\firebase.js init
[debug] [2024-03-20T09:10:28.350Z] CLI Version:   13.4.0
[debug] [2024-03-20T09:10:28.350Z] Platform:      win32
[debug] [2024-03-20T09:10:28.350Z] Node Version:  v18.17.1
[debug] [2024-03-20T09:10:28.351Z] Time:          Wed Mar 20 2024 14:40:28 GMT+0530 (India Standard Time)
[debug] [2024-03-20T09:10:28.352Z] ----------------------------------------------------------------------
[debug] 
[debug] [2024-03-20T09:10:28.355Z] >>> [apiv2][query] GET https://firebase-public.firebaseio.com/cli.json [none]
[debug] [2024-03-20T09:10:28.387Z] > command requires scopes: ["email","openid","https://www.googleapis.com/auth/cloudplatformprojects.readonly","https://www.googleapis.com/auth/firebase","https://www.googleapis.com/auth/cloud-platform"]
[debug] [2024-03-20T09:10:28.388Z] > authorizing via signed-in user (anshkaushik9454@gmail.com)
[info] 
     ######## #### ########  ######## ########     ###     ######  ########
     ##        ##  ##     ## ##       ##     ##  ##   ##  ##       ##
     ######    ##  ########  ######   ########  #########  ######  ######
     ##        ##  ##    ##  ##       ##     ## ##     ##       ## ##
     ##       #### ##     ## ######## ########  ##     ##  ######  ########

You're about to initialize a Firebase project in this directory:

  C:\Users\anshk\Desktop\kapil_paji_chat\Base-backend-Application

[debug] [2024-03-20T09:10:29.054Z] <<< [apiv2][status] GET https://firebase-public.firebaseio.com/cli.json 200
[debug] [2024-03-20T09:10:29.055Z] <<< [apiv2][body] GET https://firebase-public.firebaseio.com/cli.json {"cloudBuildErrorAfter":1594252800000,"cloudBuildWarnAfter":1590019200000,"defaultNode10After":1594252800000,"minVersion":"3.0.5","node8DeploysDisabledAfter":1613390400000,"node8RuntimeDisabledAfter":1615809600000,"node8WarnAfter":1600128000000}
[info] 
=== Project Setup
[info] 
[info] First, let's associate this project directory with a Firebase project.
[info] You can create multiple project aliases by running firebase use --add, 
[info] but for now we'll just set up a default project.
[info] 
[debug] [2024-03-20T09:10:44.795Z] > refreshing access token with scopes: []
[debug] [2024-03-20T09:10:44.796Z] >>> [apiv2][query] POST https://www.googleapis.com/oauth2/v3/token [none]
[debug] [2024-03-20T09:10:44.796Z] >>> [apiv2][body] POST https://www.googleapis.com/oauth2/v3/token [omitted]
[debug] [2024-03-20T09:10:45.020Z] <<< [apiv2][status] POST https://www.googleapis.com/oauth2/v3/token 200
[debug] [2024-03-20T09:10:45.020Z] <<< [apiv2][body] POST https://www.googleapis.com/oauth2/v3/token [omitted]
[debug] [2024-03-20T09:10:45.030Z] >>> [apiv2][query] GET https://firebase.googleapis.com/v1beta1/projects pageSize=100
[debug] [2024-03-20T09:10:45.842Z] <<< [apiv2][status] GET https://firebase.googleapis.com/v1beta1/projects 200
[debug] [2024-03-20T09:10:45.843Z] <<< [apiv2][body] GET https://firebase.googleapis.com/v1beta1/projects [omitted]
[info] i  Using project web-apps-732ac (Web Apps) 
[info] 
=== Hosting Setup
[debug] [2024-03-20T09:10:48.412Z] >>> [apiv2][query] GET https://firebase.googleapis.com/v1beta1/projects/web-apps-732ac [none]
[debug] [2024-03-20T09:10:48.900Z] <<< [apiv2][status] GET https://firebase.googleapis.com/v1beta1/projects/web-apps-732ac 200
[debug] [2024-03-20T09:10:48.901Z] <<< [apiv2][body] GET https://firebase.googleapis.com/v1beta1/projects/web-apps-732ac {"projectId":"web-apps-732ac","projectNumber":"486997669923","displayName":"Web Apps","name":"projects/web-apps-732ac","resources":{"hostingSite":"web-apps-732ac"},"state":"ACTIVE","etag":"1_0bfc1689-2d18-4cda-8955-2e392b79e511"}
[info] 
[info] Your public directory is the folder (relative to your project directory) that
[info] will contain Hosting assets to be uploaded with firebase deploy. If you
[info] have a build process for your assets, use your build's output directory.
[info] 
